<?xml version="1.0" encoding="UTF-8"?>
<testsuites name="Test Gist" time="99" tests="4" failures="0" errors="0">
   <testsuite name="Test Gist" tests="4" failures="0" errors="0" time="99" timestamp="2018-09-04 19:10:51" hostname="User - Lenovo" id="Test Suites/Test Gist">
      <properties>
         <property name="deviceName" value=""/>
         <property name="devicePlatform" value=""/>
         <property name="logFolder" value="E:\\TIKA\\nitip\\Gist\\Gist\\Reports\\Test Gist\\20180904_191043"/>
         <property name="logFiles" value="E:\\TIKA\\nitip\\Gist\\Gist\\Reports\\Test Gist\\20180904_191043\\execution0.log"/>
         <property name="attachments" value=""/>
         <property name="hostName" value="User - Lenovo"/>
         <property name="os" value="Windows 8.1 64bit"/>
         <property name="katalonVersion" value="5.6.0.1"/>
         <property name="browser" value="Chrome 68.0.3440.106"/>
         <property name="hostAddress" value="192.168.16.2"/>
         <property name="sessionId" value="44fc51a6b10127079245c25c9922f7b9"/>
         <property name="seleniumVersion" value="3.7.1"/>
         <property name="proxyInformation" value="ProxyInformation{proxyOption=NO_PROXY, proxyServerType=HTTP, password=, proxyServerAddress=, proxyServerPort=0}"/>
         <property name="platform" value="Windows 8.1"/>
      </properties>
      <testcase name="Test Cases/Create Publict Gist" classname="Test Cases/Create Publict Gist" status="PASSED">
         <system-out><![CDATA[2018-09-04 19:10:52 - [TEST_CASE][PASSED] - Test Cases/Create Publict Gist: Test Cases/Create Publict Gist

2018-09-04 19:10:52 - [TEST_STEP][PASSED] - openBrowser: Browser is opened with url: 'https://gist.github.com/discover'

2018-09-04 19:11:02 - [MESSAGE][PASSED] - Browser is opened with url: 'https://gist.github.com/discover'

2018-09-04 19:11:03 - [TEST_STEP][PASSED] - maximizeWindow: Current window maximized

2018-09-04 19:11:04 - [MESSAGE][PASSED] - Current window maximized

2018-09-04 19:11:04 - [TEST_STEP][PASSED] - com.shopee.web.Utility.login: com.shopee.web.Utility.login is PASSED

2018-09-04 19:11:06 - [MESSAGE][PASSED] - Object: 'Object Repository/btnGistLogin' is clicked on

2018-09-04 19:11:06 - [MESSAGE][PASSED] - Text 'tikaayu2703@gmail.com' is set on object 'Object Repository/Login/txtEmail'

2018-09-04 19:11:06 - [MESSAGE][PASSED] - Text 't1k4p455w0rd' is set on object 'Object Repository/Login/txtPassword'

2018-09-04 19:11:10 - [MESSAGE][PASSED] - Object: 'Object Repository/Login/btnSubmit' is clicked on

2018-09-04 19:11:13 - [MESSAGE][PASSED] - Delayed 3 second(s)

2018-09-04 19:11:13 - [MESSAGE][PASSED] - Object 'Object Repository/lblGistHeader' is visible

2018-09-04 19:11:13 - [MESSAGE][PASSED] - com.shopee.web.Utility.login is PASSED

2018-09-04 19:11:13 - [TEST_STEP][PASSED] - click: Object: 'Object Repository/btnCreateNewGist' is clicked on

2018-09-04 19:11:14 - [MESSAGE][PASSED] - Object: 'Object Repository/btnCreateNewGist' is clicked on

2018-09-04 19:11:14 - [TEST_STEP][PASSED] - setText: Text 'Test 1' is set on object 'Object Repository/Gist New Page/txtFileName'

2018-09-04 19:11:15 - [MESSAGE][PASSED] - Text 'Test 1' is set on object 'Object Repository/Gist New Page/txtFileName'

2018-09-04 19:11:15 - [TEST_STEP][PASSED] - delay: Delayed 2 second(s)

2018-09-04 19:11:17 - [MESSAGE][PASSED] - Delayed 2 second(s)

2018-09-04 19:11:17 - [TEST_STEP][PASSED] - executeJavaScript: Execute JavaScript '_editor = document.querySelectorAll('div.CodeMirror')[0].CodeMirror;_editor.setValue('Hello world!');' successfully

2018-09-04 19:11:17 - [MESSAGE][PASSED] - Execute JavaScript '_editor = document.querySelectorAll('div.CodeMirror')[0].CodeMirror;_editor.setValue('Hello world!');' successfully

2018-09-04 19:11:17 - [TEST_STEP][PASSED] - click: Object: 'Object Repository/Gist New Page/btnPublicGist' is clicked on

2018-09-04 19:11:20 - [MESSAGE][PASSED] - Object: 'Object Repository/Gist New Page/btnPublicGist' is clicked on

2018-09-04 19:11:20 - [TEST_STEP][PASSED] - delay: Delayed 5 second(s)

2018-09-04 19:11:25 - [MESSAGE][PASSED] - Delayed 5 second(s)

2018-09-04 19:11:25 - [TEST_STEP][PASSED] - verifyElementVisible: Object 'Object Repository/lblResult' is visible

2018-09-04 19:11:25 - [MESSAGE][PASSED] - Object 'Object Repository/lblResult' is visible

2018-09-04 19:11:25 - [TEST_STEP][PASSED] - closeBrowser: Browser is closed

2018-09-04 19:11:26 - [MESSAGE][PASSED] - Browser is closed]]></system-out>
         <system-err><![CDATA[]]></system-err>
      </testcase>
      <testcase name="Test Cases/Edit Existing Gist" classname="Test Cases/Edit Existing Gist" status="PASSED">
         <system-out><![CDATA[2018-09-04 19:11:26 - [TEST_CASE][PASSED] - Test Cases/Edit Existing Gist: Test Cases/Edit Existing Gist

2018-09-04 19:11:27 - [TEST_STEP][PASSED] - Statement - log = new com.kms.katalon.core.logging.KeywordLogger(): null

2018-09-04 19:11:27 - [TEST_STEP][PASSED] - openBrowser: Browser is opened with url: 'https://gist.github.com/discover'

2018-09-04 19:11:33 - [MESSAGE][PASSED] - Browser is opened with url: 'https://gist.github.com/discover'

2018-09-04 19:11:33 - [TEST_STEP][PASSED] - maximizeWindow: Current window maximized

2018-09-04 19:11:34 - [MESSAGE][PASSED] - Current window maximized

2018-09-04 19:11:34 - [TEST_STEP][PASSED] - com.shopee.web.Utility.login: com.shopee.web.Utility.login is PASSED

2018-09-04 19:11:36 - [MESSAGE][PASSED] - Object: 'Object Repository/btnGistLogin' is clicked on

2018-09-04 19:11:36 - [MESSAGE][PASSED] - Text 'tikaayu2703@gmail.com' is set on object 'Object Repository/Login/txtEmail'

2018-09-04 19:11:36 - [MESSAGE][PASSED] - Text 't1k4p455w0rd' is set on object 'Object Repository/Login/txtPassword'

2018-09-04 19:11:39 - [MESSAGE][PASSED] - Object: 'Object Repository/Login/btnSubmit' is clicked on

2018-09-04 19:11:42 - [MESSAGE][PASSED] - Delayed 3 second(s)

2018-09-04 19:11:42 - [MESSAGE][PASSED] - Object 'Object Repository/lblGistHeader' is visible

2018-09-04 19:11:42 - [MESSAGE][PASSED] - com.shopee.web.Utility.login is PASSED

2018-09-04 19:11:42 - [TEST_STEP][PASSED] - click: Object: 'Object Repository/btnMenu' is clicked on

2018-09-04 19:11:42 - [MESSAGE][PASSED] - Object: 'Object Repository/btnMenu' is clicked on

2018-09-04 19:11:42 - [TEST_STEP][PASSED] - click: Object: 'Object Repository/btnYourGist' is clicked on

2018-09-04 19:11:43 - [MESSAGE][PASSED] - Object: 'Object Repository/btnYourGist' is clicked on

2018-09-04 19:11:43 - [TEST_STEP][PASSED] - click: Object: 'Object Repository/lblGistName' is clicked on

2018-09-04 19:11:44 - [MESSAGE][PASSED] - Object: 'Object Repository/lblGistName' is clicked on

2018-09-04 19:11:44 - [TEST_STEP][PASSED] - Statement - fileNameBefore = com.kms.katalon.core.webui.keyword.WebUiBuiltInKeywords.getText(com.kms.katalon.core.testobject.ObjectRepository.findTestObject(Object Repository/lblResult)): Text of object 'Object Repository/lblResult' is: 'Test 1'

2018-09-04 19:11:45 - [MESSAGE][PASSED] - Text of object 'Object Repository/lblResult' is: 'Test 1'

2018-09-04 19:11:45 - [TEST_STEP][PASSED] - click: Object: 'Object Repository/btnEdit' is clicked on

2018-09-04 19:11:46 - [MESSAGE][PASSED] - Object: 'Object Repository/btnEdit' is clicked on

2018-09-04 19:11:46 - [TEST_STEP][PASSED] - setText: Text 'Edit' is set on object 'Object Repository/Gist New Page/txtFileName'

2018-09-04 19:11:46 - [MESSAGE][PASSED] - Text 'Edit' is set on object 'Object Repository/Gist New Page/txtFileName'

2018-09-04 19:11:46 - [TEST_STEP][PASSED] - click: Object: 'Object Repository/btnUpdateGist' is clicked on

2018-09-04 19:11:48 - [MESSAGE][PASSED] - Object: 'Object Repository/btnUpdateGist' is clicked on

2018-09-04 19:11:48 - [TEST_STEP][PASSED] - delay: Delayed 3 second(s)

2018-09-04 19:11:51 - [MESSAGE][PASSED] - Delayed 3 second(s)

2018-09-04 19:11:51 - [TEST_STEP][PASSED] - Statement - fileNameCurrent = com.kms.katalon.core.webui.keyword.WebUiBuiltInKeywords.getText(com.kms.katalon.core.testobject.ObjectRepository.findTestObject(Object Repository/lblResult)): Text of object 'Object Repository/lblResult' is: 'Edit'

2018-09-04 19:11:51 - [MESSAGE][PASSED] - Text of object 'Object Repository/lblResult' is: 'Edit'

2018-09-04 19:11:51 - [TEST_STEP][PASSED] - verifyNotEqual: Actual object 'Edit' and expected object 'Test 1' are not equal

2018-09-04 19:11:51 - [MESSAGE][PASSED] - Actual object 'Edit' and expected object 'Test 1' are not equal

2018-09-04 19:11:51 - [TEST_STEP][PASSED] - closeBrowser: Browser is closed

2018-09-04 19:11:52 - [MESSAGE][PASSED] - Browser is closed]]></system-out>
         <system-err><![CDATA[]]></system-err>
      </testcase>
      <testcase name="Test Cases/See My Gist List" classname="Test Cases/See My Gist List" status="PASSED">
         <system-out><![CDATA[2018-09-04 19:11:52 - [TEST_CASE][PASSED] - Test Cases/See My Gist List: Test Cases/See My Gist List

2018-09-04 19:11:52 - [TEST_STEP][PASSED] - Statement - log = new com.kms.katalon.core.logging.KeywordLogger(): null

2018-09-04 19:11:52 - [TEST_STEP][PASSED] - openBrowser: Browser is opened with url: 'https://gist.github.com/discover'

2018-09-04 19:11:58 - [MESSAGE][PASSED] - Browser is opened with url: 'https://gist.github.com/discover'

2018-09-04 19:11:58 - [TEST_STEP][PASSED] - maximizeWindow: Current window maximized

2018-09-04 19:12:00 - [MESSAGE][PASSED] - Current window maximized

2018-09-04 19:12:00 - [TEST_STEP][PASSED] - com.shopee.web.Utility.login: com.shopee.web.Utility.login is PASSED

2018-09-04 19:12:02 - [MESSAGE][PASSED] - Object: 'Object Repository/btnGistLogin' is clicked on

2018-09-04 19:12:02 - [MESSAGE][PASSED] - Text 'tikaayu2703@gmail.com' is set on object 'Object Repository/Login/txtEmail'

2018-09-04 19:12:02 - [MESSAGE][PASSED] - Text 't1k4p455w0rd' is set on object 'Object Repository/Login/txtPassword'

2018-09-04 19:12:05 - [MESSAGE][PASSED] - Object: 'Object Repository/Login/btnSubmit' is clicked on

2018-09-04 19:12:08 - [MESSAGE][PASSED] - Delayed 3 second(s)

2018-09-04 19:12:08 - [MESSAGE][PASSED] - Object 'Object Repository/lblGistHeader' is visible

2018-09-04 19:12:08 - [MESSAGE][PASSED] - com.shopee.web.Utility.login is PASSED

2018-09-04 19:12:08 - [TEST_STEP][PASSED] - click: Object: 'Object Repository/btnMenu' is clicked on

2018-09-04 19:12:09 - [MESSAGE][PASSED] - Object: 'Object Repository/btnMenu' is clicked on

2018-09-04 19:12:09 - [TEST_STEP][PASSED] - click: Object: 'Object Repository/btnYourGist' is clicked on

2018-09-04 19:12:10 - [MESSAGE][PASSED] - Object: 'Object Repository/btnYourGist' is clicked on

2018-09-04 19:12:10 - [TEST_STEP][PASSED] - verifyElementVisible: Object 'Object Repository/lblList' is visible

2018-09-04 19:12:10 - [MESSAGE][PASSED] - Object 'Object Repository/lblList' is visible

2018-09-04 19:12:10 - [TEST_STEP][PASSED] - closeBrowser: Browser is closed

2018-09-04 19:12:11 - [MESSAGE][PASSED] - Browser is closed]]></system-out>
         <system-err><![CDATA[]]></system-err>
      </testcase>
      <testcase name="Test Cases/Delete Existing Gist" classname="Test Cases/Delete Existing Gist" status="PASSED">
         <system-out><![CDATA[2018-09-04 19:12:11 - [TEST_CASE][PASSED] - Test Cases/Delete Existing Gist: Test Cases/Delete Existing Gist

2018-09-04 19:12:11 - [TEST_STEP][PASSED] - Statement - log = new com.kms.katalon.core.logging.KeywordLogger(): null

2018-09-04 19:12:11 - [TEST_STEP][PASSED] - openBrowser: Browser is opened with url: 'https://gist.github.com/discover'

2018-09-04 19:12:17 - [MESSAGE][PASSED] - Browser is opened with url: 'https://gist.github.com/discover'

2018-09-04 19:12:17 - [TEST_STEP][PASSED] - maximizeWindow: Current window maximized

2018-09-04 19:12:18 - [MESSAGE][PASSED] - Current window maximized

2018-09-04 19:12:18 - [TEST_STEP][PASSED] - com.shopee.web.Utility.login: com.shopee.web.Utility.login is PASSED

2018-09-04 19:12:19 - [MESSAGE][PASSED] - Object: 'Object Repository/btnGistLogin' is clicked on

2018-09-04 19:12:20 - [MESSAGE][PASSED] - Text 'tikaayu2703@gmail.com' is set on object 'Object Repository/Login/txtEmail'

2018-09-04 19:12:20 - [MESSAGE][PASSED] - Text 't1k4p455w0rd' is set on object 'Object Repository/Login/txtPassword'

2018-09-04 19:12:22 - [MESSAGE][PASSED] - Object: 'Object Repository/Login/btnSubmit' is clicked on

2018-09-04 19:12:25 - [MESSAGE][PASSED] - Delayed 3 second(s)

2018-09-04 19:12:25 - [MESSAGE][PASSED] - Object 'Object Repository/lblGistHeader' is visible

2018-09-04 19:12:25 - [MESSAGE][PASSED] - com.shopee.web.Utility.login is PASSED

2018-09-04 19:12:25 - [TEST_STEP][PASSED] - click: Object: 'Object Repository/btnMenu' is clicked on

2018-09-04 19:12:26 - [MESSAGE][PASSED] - Object: 'Object Repository/btnMenu' is clicked on

2018-09-04 19:12:26 - [TEST_STEP][PASSED] - click: Object: 'Object Repository/btnYourGist' is clicked on

2018-09-04 19:12:27 - [MESSAGE][PASSED] - Object: 'Object Repository/btnYourGist' is clicked on

2018-09-04 19:12:27 - [TEST_STEP][PASSED] - click: Object: 'Object Repository/lblGistName' is clicked on

2018-09-04 19:12:28 - [MESSAGE][PASSED] - Object: 'Object Repository/lblGistName' is clicked on

2018-09-04 19:12:28 - [TEST_STEP][PASSED] - Statement - fileNameBefore = com.kms.katalon.core.webui.keyword.WebUiBuiltInKeywords.getText(com.kms.katalon.core.testobject.ObjectRepository.findTestObject(Object Repository/lblResult)): Text of object 'Object Repository/lblResult' is: 'Edit'

2018-09-04 19:12:28 - [MESSAGE][PASSED] - Text of object 'Object Repository/lblResult' is: 'Edit'

2018-09-04 19:12:28 - [TEST_STEP][PASSED] - click: Object: 'Object Repository/btnDelete' is clicked on

2018-09-04 19:12:28 - [MESSAGE][PASSED] - Object: 'Object Repository/btnDelete' is clicked on

2018-09-04 19:12:28 - [TEST_STEP][PASSED] - acceptAlert: Alert accepted

2018-09-04 19:12:28 - [MESSAGE][PASSED] - Alert accepted

2018-09-04 19:12:28 - [TEST_STEP][PASSED] - verifyTextNotPresent: Text 'Edit' is not present on page

2018-09-04 19:12:30 - [MESSAGE][PASSED] - Text 'Edit' is not present on page

2018-09-04 19:12:30 - [TEST_STEP][PASSED] - closeBrowser: Browser is closed

2018-09-04 19:12:30 - [MESSAGE][PASSED] - Browser is closed]]></system-out>
         <system-err><![CDATA[]]></system-err>
      </testcase>
      <system-out><![CDATA[2018-09-04 19:10:51 - [TEST_SUITE][PASSED] - Test Gist: Test Cases/Delete Existing Gist]]></system-out>
      <system-err><![CDATA[]]></system-err>
   </testsuite>
</testsuites>
